<?xml version="1.0" encoding="UTF-8"?>
<testsuite xmlns:xsi="http://www.w3.org/2001/XMLSchema-instance" xsi:noNamespaceSchemaLocation="https://maven.apache.org/surefire/maven-surefire-plugin/xsd/surefire-test-report.xsd" name="TestSuite" time="31.08" tests="11" errors="0" skipped="0" failures="3">
  <properties>
[...]
</properties>
  <testcase name="checkContentLength" classname="com.employeeapi.test.TC001_GetRequest" time="0.003"/>
  <testcase name="checkResponseBody" classname="com.employeeapi.test.TC001_GetRequest" time="0.022"/>
  <testcase name="checkResponseTime" classname="com.employeeapi.test.TC001_GetRequest" time="0.003"/>
  <testcase name="checkStatusLine" classname="com.employeeapi.test.TC001_GetRequest" time="0.001"/>
  <testcase name="checkResponseBody" classname="com.employeeapi.test.TC002_Get_OneEmp_Record" time="0.027"/>
  <testcase name="checkStatusCode" classname="com.employeeapi.test.TC002_Get_OneEmp_Record" time="0.001">
    <failure message="expected [200] but found [404]" type="java.lang.AssertionError">java.lang.AssertionError: expected [200] but found [404]
	at com.employeeapi.test.TC002_Get_OneEmp_Record.checkStatusCode(TC002_Get_OneEmp_Record.java:41)
</failure>
    <system-out><![CDATA[2020-04-27 15:57:00 INFO  EmployeeRestAPI:37 - --- Checking Status Code ---
2020-04-27 15:57:00 INFO  EmployeeRestAPI:40 - Status code is ==> 404
]]></system-out>
  </testcase>
  <testcase name="checkResponseBody" classname="com.employeeapi.test.TC003_Post_Emp_Record" time="0.001"/>
  <testcase name="checkStatusCode" classname="com.employeeapi.test.TC003_Post_Emp_Record" time="0.002"/>
  <testcase name="checkResponseBody" classname="com.employeeapi.test.TC004_Put_EmpRecord" time="0.001">
    <failure message="expected [true] but found [false]" type="java.lang.AssertionError">java.lang.AssertionError: expected [true] but found [false]
	at com.employeeapi.test.TC004_Put_EmpRecord.checkResponseBody(TC004_Put_EmpRecord.java:50)
</failure>
    <system-out><![CDATA[2020-04-27 15:57:06 INFO  EmployeeRestAPI:23 - *****Started TC004_Post_One_Employee*****
2020-04-27 15:57:12 INFO  EmployeeRestAPI:46 - --- Checking Response Body ---
2020-04-27 15:57:12 INFO  EmployeeRestAPI:49 - Response Body is ==> {"status":"success","data":null}
]]></system-out>
  </testcase>
  <testcase name="checkStatusCode" classname="com.employeeapi.test.TC004_Put_EmpRecord" time="0.001"/>
  <testcase name="checkResponseBody" classname="com.employeeapi.test.TC005_Delete_Emp_Record" time="0.001">
    <failure message="expected [true] but found [false]" type="java.lang.AssertionError">java.lang.AssertionError: expected [true] but found [false]
	at com.employeeapi.test.TC005_Delete_Emp_Record.checkResponseBody(TC005_Delete_Emp_Record.java:38)
</failure>
    <system-out><![CDATA[2020-04-27 15:57:12 INFO  EmployeeRestAPI:67 - *** TC004 completed ***
2020-04-27 15:57:12 INFO  EmployeeRestAPI:16 - *****Started TC005_Delete_One_Employee *****
2020-04-27 15:57:18 INFO  EmployeeRestAPI:34 - --- Checking Response Body ---
2020-04-27 15:57:18 INFO  EmployeeRestAPI:37 - Response Body is ==> {"status":"failed","message":"Error! Not able to delete record"}
]]></system-out>
  </testcase>
</testsuite>